<?xml version="1.0" encoding="UTF-8"?>
<testsuite name="AssertTest" tests="1" skipped="0" failures="0" errors="0" timestamp="2020-06-28T05:52:21" hostname="DESKTOP-RUJKHGI" time="0.065">
  <properties/>
  <testcase name="comparesArraysFailing()" classname="AssertTest" time="0.065"/>
  <system-out><![CDATA[]]></system-out>
  <system-err><![CDATA[]]></system-err>
</testsuite>
