<?xml version="1.0" encoding="UTF-8"?>
<testsuite name="ScoreCollectionTest" tests="1" skipped="0" failures="0" errors="0" timestamp="2020-06-23T13:44:47" hostname="DESKTOP-UL0Q3K4" time="0.049">
  <properties/>
  <testcase name="test()" classname="ScoreCollectionTest" time="0.049"/>
  <system-out><![CDATA[actualResult = 6
]]></system-out>
  <system-err><![CDATA[]]></system-err>
</testsuite>
